[debug] [2018-07-16T05:07:16.134Z] ----------------------------------------------------------------------
[debug] [2018-07-16T05:07:16.165Z] Command:       C:\Program Files\nodejs\node.exe C:\Users\212600424\AppData\Roaming\npm\node_modules\firebase-tools\bin\firebase deploy --debug
[debug] [2018-07-16T05:07:16.165Z] CLI Version:   3.18.4
[debug] [2018-07-16T05:07:16.165Z] Platform:      win32
[debug] [2018-07-16T05:07:16.165Z] Node Version:  v8.11.2
[debug] [2018-07-16T05:07:16.165Z] Time:          Mon Jul 16 2018 10:37:16 GMT+0530 (India Standard Time)
[debug] [2018-07-16T05:07:16.165Z] ----------------------------------------------------------------------
[debug] 
[debug] [2018-07-16T05:07:16.223Z] > command requires scopes: ["email","openid","https://www.googleapis.com/auth/cloudplatformprojects.readonly","https://www.googleapis.com/auth/firebase","https://www.googleapis.com/auth/cloud-platform"]
[debug] [2018-07-16T05:07:16.242Z] > authorizing via signed-in user
[debug] [2018-07-16T05:07:16.284Z] > refreshing access token with scopes: ["email","https://www.googleapis.com/auth/cloud-platform","https://www.googleapis.com/auth/cloudplatformprojects.readonly","https://www.googleapis.com/auth/firebase","openid"]
[debug] [2018-07-16T05:07:16.303Z] >>> HTTP REQUEST POST https://www.googleapis.com/oauth2/v3/token  
 { refresh_token: '1/W6wx4gNRAOXyZcTVFLgIvQCIQwIEYJ7y5SJhzucN2uY',
  client_id: '563584335869-fgrhgmd47bqnekij5i8b5pr03ho849e6.apps.googleusercontent.com',
  client_secret: 'j9iVZfS8kkCEFUPaAeJV0sAi',
  grant_type: 'refresh_token',
  scope: 'email https://www.googleapis.com/auth/cloud-platform https://www.googleapis.com/auth/cloudplatformprojects.readonly https://www.googleapis.com/auth/firebase openid' } 
 Mon Jul 16 2018 10:37:16 GMT+0530 (India Standard Time)
[debug] [2018-07-16T05:07:18.804Z] <<< HTTP RESPONSE 200
[debug] [2018-07-16T05:07:18.841Z] >>> HTTP REQUEST GET https://admin.firebase.com/v1/projects/my-portfolio-3d1b3  
  
 Mon Jul 16 2018 10:37:18 GMT+0530 (India Standard Time)
[debug] [2018-07-16T05:07:21.445Z] <<< HTTP RESPONSE 200
[debug] [2018-07-16T05:07:21.445Z] >>> HTTP REQUEST GET https://admin.firebase.com/v1/database/my-portfolio-3d1b3/tokens  
  
 Mon Jul 16 2018 10:37:21 GMT+0530 (India Standard Time)
[debug] [2018-07-16T05:07:23.830Z] <<< HTTP RESPONSE 200
